Using pre-set license
Built from '2020.3/staging' branch; Version is '2020.3.8f1 (507919d4fff5) revision 5273881'; Using compiler version '192528614'; Build Type 'Release'
OS: 'Windows 10 Home; OS build 19043.1706; Version 2009; 64bit' Language: 'en' Physical Memory: 16313 MB
BatchMode: 1, IsHumanControllingUs: 0, StartBugReporterOnCrash: 0, Is64bit: 1, IsPro: 0

 COMMAND LINE ARGUMENTS:
H:\OtherStuff\Unity\Editor\Unity.exe
-adb2
-batchMode
-noUpm
-name
AssetImportWorker1
-projectPath
H:/Desktop/Unity Projects/Sem2Finalv2/Sem2Final
-logFile
Logs/AssetImportWorker1.log
-srvPort
63435
Successfully changed project path to: H:/Desktop/Unity Projects/Sem2Finalv2/Sem2Final
H:/Desktop/Unity Projects/Sem2Finalv2/Sem2Final
Using Asset Import Pipeline V2.
Refreshing native plugins compatible for Editor in 40.77 ms, found 1 plugins.
Preloading 0 native plugins for Editor in 0.00 ms.
Initialize engine version: 2020.3.8f1 (507919d4fff5)
[Subsystems] Discovering subsystems at path H:/OtherStuff/Unity/Editor/Data/Resources/UnitySubsystems
[Subsystems] Discovering subsystems at path H:/Desktop/Unity Projects/Sem2Finalv2/Sem2Final/Assets
GfxDevice: creating device client; threaded=0
Direct3D:
    Version:  Direct3D 11.0 [level 11.1]
    Renderer: NVIDIA GeForce GTX 1660 SUPER (ID=0x21c4)
    Vendor:   
    VRAM:     5991 MB
    Driver:   27.21.14.5671
Initialize mono
Mono path[0] = 'H:/OtherStuff/Unity/Editor/Data/Managed'
Mono path[1] = 'H:/OtherStuff/Unity/Editor/Data/MonoBleedingEdge/lib/mono/unityjit'
Mono config path = 'H:/OtherStuff/Unity/Editor/Data/MonoBleedingEdge/etc'
Using monoOptions --debugger-agent=transport=dt_socket,embedding=1,server=y,suspend=n,address=127.0.0.1:56860
Begin MonoManager ReloadAssembly
Registering precompiled unity dll's ...
Register platform support module: H:/OtherStuff/Unity/Editor/Data/PlaybackEngines/WindowsStandaloneSupport/UnityEditor.WindowsStandalone.Extensions.dll
Registered in 0.000977 seconds.
Native extension for WindowsStandalone target not found
Refreshing native plugins compatible for Editor in 37.88 ms, found 1 plugins.
Preloading 0 native plugins for Editor in 0.00 ms.
Mono: successfully reloaded assembly
- Completed reload, in  0.805 seconds
Platform modules already initialized, skipping
Registering precompiled user dll's ...
Registered in 0.000812 seconds.
Begin MonoManager ReloadAssembly
Native extension for WindowsStandalone target not found
Refreshing native plugins compatible for Editor in 37.26 ms, found 1 plugins.
Preloading 0 native plugins for Editor in 0.00 ms.
Mono: successfully reloaded assembly
- Completed reload, in  0.859 seconds
Platform modules already initialized, skipping
========================================================================
Worker process is ready to serve import requests
Launched and connected shader compiler UnityShaderCompiler.exe after 0.05 seconds
Refreshing native plugins compatible for Editor in 0.59 ms, found 1 plugins.
Preloading 0 native plugins for Editor in 0.00 ms.
Unloading 1984 Unused Serialized files (Serialized files now loaded: 0)
System memory in use before: 92.6 MB.
System memory in use after: 92.5 MB.

Unloading 25 unused Assets to reduce memory usage. Loaded Objects now: 2428.
Total: 2.062900 ms (FindLiveObjects: 0.264900 ms CreateObjectMapping: 0.043500 ms MarkObjects: 1.613400 ms  DeleteObjects: 0.139900 ms)

========================================================================
Received Prepare
Refreshing native plugins compatible for Editor in 1.37 ms, found 1 plugins.
Preloading 0 native plugins for Editor in 0.00 ms.
Unloading 10 Unused Serialized files (Serialized files now loaded: 0)
System memory in use before: 52.2 MB.
System memory in use after: 52.2 MB.

Unloading 10 unused Assets to reduce memory usage. Loaded Objects now: 2428.
Total: 2.555500 ms (FindLiveObjects: 0.255300 ms CreateObjectMapping: 0.042500 ms MarkObjects: 1.977900 ms  DeleteObjects: 0.278500 ms)

========================================================================
Received Import Request.
  path: Assets/Scenes/Level1.unity
  artifactKey: Guid(2cda990e2423bbf4892e6590ba056729) Importer(815301076,1909f56bfc062723c751e8b465ee728b)
Start importing Assets/Scenes/Level1.unity using Guid(2cda990e2423bbf4892e6590ba056729) Importer(815301076,1909f56bfc062723c751e8b465ee728b)  -> (artifact id: '0b5faa97689db94545dc7397118e1097') in 0.011562 seconds
  Import took 0.014970 seconds .

========================================================================
Received Import Request.
  Time since last request: 0.735908 seconds.
  path: Assets/Scenes/Title.unity
  artifactKey: Guid(e66df69fd36561f498e1a9f0766b8b3b) Importer(815301076,1909f56bfc062723c751e8b465ee728b)
Start importing Assets/Scenes/Title.unity using Guid(e66df69fd36561f498e1a9f0766b8b3b) Importer(815301076,1909f56bfc062723c751e8b465ee728b)  -> (artifact id: 'd54a16b4b0742eb3922968647fb0a7ae') in 0.008259 seconds
  Import took 0.011380 seconds .

========================================================================
Received Import Request.
  Time since last request: 36.693986 seconds.
  path: Assets/Scripts/UI/Level.cs
  artifactKey: Guid(4297c5c08192957488459876b8f73ddb) Importer(815301076,1909f56bfc062723c751e8b465ee728b)
Start importing Assets/Scripts/UI/Level.cs using Guid(4297c5c08192957488459876b8f73ddb) Importer(815301076,1909f56bfc062723c751e8b465ee728b)  -> (artifact id: 'b8d50585f411c4d08864a336070bc94b') in 0.029632 seconds
  Import took 0.033823 seconds .

========================================================================
Received Prepare
Registering precompiled user dll's ...
Registered in 0.000691 seconds.
Begin MonoManager ReloadAssembly
Native extension for WindowsStandalone target not found
Refreshing native plugins compatible for Editor in 0.48 ms, found 1 plugins.
Preloading 0 native plugins for Editor in 0.00 ms.
Mono: successfully reloaded assembly
- Completed reload, in  0.774 seconds
Platform modules already initialized, skipping
Refreshing native plugins compatible for Editor in 0.46 ms, found 1 plugins.
Preloading 0 native plugins for Editor in 0.00 ms.
Unloading 1965 Unused Serialized files (Serialized files now loaded: 0)
System memory in use before: 91.2 MB.
System memory in use after: 91.1 MB.

Unloading 13 unused Assets to reduce memory usage. Loaded Objects now: 2433.
Total: 2.199700 ms (FindLiveObjects: 0.240300 ms CreateObjectMapping: 0.132600 ms MarkObjects: 1.710300 ms  DeleteObjects: 0.115200 ms)

========================================================================
Received Prepare
Registering precompiled user dll's ...
Registered in 0.000849 seconds.
Begin MonoManager ReloadAssembly
Native extension for WindowsStandalone target not found
Refreshing native plugins compatible for Editor in 0.55 ms, found 1 plugins.
Preloading 0 native plugins for Editor in 0.00 ms.
Mono: successfully reloaded assembly
- Completed reload, in  0.790 seconds
Platform modules already initialized, skipping
Refreshing native plugins compatible for Editor in 0.82 ms, found 1 plugins.
Preloading 0 native plugins for Editor in 0.00 ms.
Unloading 1964 Unused Serialized files (Serialized files now loaded: 0)
System memory in use before: 91.2 MB.
System memory in use after: 91.2 MB.

Unloading 14 unused Assets to reduce memory usage. Loaded Objects now: 2436.
Total: 2.151800 ms (FindLiveObjects: 0.239900 ms CreateObjectMapping: 0.041000 ms MarkObjects: 1.732000 ms  DeleteObjects: 0.137100 ms)

========================================================================
Received Import Request.
  Time since last request: 9.149315 seconds.
  path: Assets/Scripts/UI/LevelSelect.cs
  artifactKey: Guid(a85d0e3369fc3eb4bb32a6a055df8cbe) Importer(815301076,1909f56bfc062723c751e8b465ee728b)
Start importing Assets/Scripts/UI/LevelSelect.cs using Guid(a85d0e3369fc3eb4bb32a6a055df8cbe) Importer(815301076,1909f56bfc062723c751e8b465ee728b)  -> (artifact id: 'ea22cc3255147c0730d1623876260331') in 0.005612 seconds
  Import took 0.008887 seconds .

========================================================================
Received Prepare
Registering precompiled user dll's ...
Registered in 0.000838 seconds.
Begin MonoManager ReloadAssembly
Native extension for WindowsStandalone target not found
Refreshing native plugins compatible for Editor in 0.50 ms, found 1 plugins.
Preloading 0 native plugins for Editor in 0.00 ms.
Mono: successfully reloaded assembly
- Completed reload, in  0.813 seconds
Platform modules already initialized, skipping
Refreshing native plugins compatible for Editor in 0.46 ms, found 1 plugins.
Preloading 0 native plugins for Editor in 0.00 ms.
Unloading 1964 Unused Serialized files (Serialized files now loaded: 0)
System memory in use before: 91.2 MB.
System memory in use after: 91.2 MB.

Unloading 13 unused Assets to reduce memory usage. Loaded Objects now: 2440.
Total: 2.328200 ms (FindLiveObjects: 0.343300 ms CreateObjectMapping: 0.044000 ms MarkObjects: 1.807400 ms  DeleteObjects: 0.131000 ms)

========================================================================
Received Import Request.
  Time since last request: 163.198307 seconds.
  path: Assets/Scripts/UI/LevelSelect.cs
  artifactKey: Guid(a85d0e3369fc3eb4bb32a6a055df8cbe) Importer(815301076,1909f56bfc062723c751e8b465ee728b)
Start importing Assets/Scripts/UI/LevelSelect.cs using Guid(a85d0e3369fc3eb4bb32a6a055df8cbe) Importer(815301076,1909f56bfc062723c751e8b465ee728b)  -> (artifact id: 'ea681afeb7b1576fdf4de8dc5fc6f1ec') in 0.005191 seconds
  Import took 0.007904 seconds .

========================================================================
Received Prepare
Registering precompiled user dll's ...
Registered in 0.001076 seconds.
Begin MonoManager ReloadAssembly
Native extension for WindowsStandalone target not found
Refreshing native plugins compatible for Editor in 0.43 ms, found 1 plugins.
Preloading 0 native plugins for Editor in 0.00 ms.
Mono: successfully reloaded assembly
- Completed reload, in  0.779 seconds
Platform modules already initialized, skipping
Refreshing native plugins compatible for Editor in 0.57 ms, found 1 plugins.
Preloading 0 native plugins for Editor in 0.00 ms.
Unloading 1964 Unused Serialized files (Serialized files now loaded: 0)
System memory in use before: 91.2 MB.
System memory in use after: 91.2 MB.

Unloading 13 unused Assets to reduce memory usage. Loaded Objects now: 2444.
Total: 2.150400 ms (FindLiveObjects: 0.225200 ms CreateObjectMapping: 0.041700 ms MarkObjects: 1.750800 ms  DeleteObjects: 0.131300 ms)

========================================================================
Received Prepare
Registering precompiled user dll's ...
Registered in 0.001414 seconds.
Begin MonoManager ReloadAssembly
Native extension for WindowsStandalone target not found
Refreshing native plugins compatible for Editor in 0.46 ms, found 1 plugins.
Preloading 0 native plugins for Editor in 0.00 ms.
Mono: successfully reloaded assembly
- Completed reload, in  0.751 seconds
Platform modules already initialized, skipping
Refreshing native plugins compatible for Editor in 0.46 ms, found 1 plugins.
Preloading 0 native plugins for Editor in 0.00 ms.
Unloading 1964 Unused Serialized files (Serialized files now loaded: 0)
System memory in use before: 91.2 MB.
System memory in use after: 91.2 MB.

Unloading 13 unused Assets to reduce memory usage. Loaded Objects now: 2448.
Total: 2.220500 ms (FindLiveObjects: 0.228100 ms CreateObjectMapping: 0.044200 ms MarkObjects: 1.809100 ms  DeleteObjects: 0.137600 ms)

========================================================================
Received Prepare
Registering precompiled user dll's ...
Registered in 0.000888 seconds.
Begin MonoManager ReloadAssembly
Native extension for WindowsStandalone target not found
Refreshing native plugins compatible for Editor in 0.43 ms, found 1 plugins.
Preloading 0 native plugins for Editor in 0.00 ms.
Mono: successfully reloaded assembly
- Completed reload, in  0.739 seconds
Platform modules already initialized, skipping
Refreshing native plugins compatible for Editor in 0.81 ms, found 1 plugins.
Preloading 0 native plugins for Editor in 0.00 ms.
Unloading 1964 Unused Serialized files (Serialized files now loaded: 0)
System memory in use before: 91.2 MB.
System memory in use after: 91.2 MB.

Unloading 13 unused Assets to reduce memory usage. Loaded Objects now: 2452.
Total: 2.955200 ms (FindLiveObjects: 0.237000 ms CreateObjectMapping: 0.043000 ms MarkObjects: 2.411000 ms  DeleteObjects: 0.261900 ms)

========================================================================
Received Prepare
Registering precompiled user dll's ...
Registered in 0.000763 seconds.
Begin MonoManager ReloadAssembly
Native extension for WindowsStandalone target not found
Refreshing native plugins compatible for Editor in 0.48 ms, found 1 plugins.
Preloading 0 native plugins for Editor in 0.00 ms.
Mono: successfully reloaded assembly
- Completed reload, in  0.752 seconds
Platform modules already initialized, skipping
Refreshing native plugins compatible for Editor in 0.59 ms, found 1 plugins.
Preloading 0 native plugins for Editor in 0.00 ms.
Unloading 1964 Unused Serialized files (Serialized files now loaded: 0)
System memory in use before: 91.3 MB.
System memory in use after: 91.2 MB.

Unloading 13 unused Assets to reduce memory usage. Loaded Objects now: 2456.
Total: 2.946500 ms (FindLiveObjects: 0.458000 ms CreateObjectMapping: 0.043800 ms MarkObjects: 2.294400 ms  DeleteObjects: 0.145700 ms)

========================================================================
Received Prepare
Registering precompiled user dll's ...
Registered in 0.000900 seconds.
Begin MonoManager ReloadAssembly
Native extension for WindowsStandalone target not found
Refreshing native plugins compatible for Editor in 0.44 ms, found 1 plugins.
Preloading 0 native plugins for Editor in 0.00 ms.
Mono: successfully reloaded assembly
- Completed reload, in  0.756 seconds
Platform modules already initialized, skipping
Refreshing native plugins compatible for Editor in 0.44 ms, found 1 plugins.
Preloading 0 native plugins for Editor in 0.00 ms.
Unloading 1964 Unused Serialized files (Serialized files now loaded: 0)
System memory in use before: 91.3 MB.
System memory in use after: 91.2 MB.

Unloading 13 unused Assets to reduce memory usage. Loaded Objects now: 2460.
Total: 2.232700 ms (FindLiveObjects: 0.250200 ms CreateObjectMapping: 0.041400 ms MarkObjects: 1.798900 ms  DeleteObjects: 0.140600 ms)

========================================================================
Received Prepare
Registering precompiled user dll's ...
Registered in 0.000885 seconds.
Begin MonoManager ReloadAssembly
Native extension for WindowsStandalone target not found
Refreshing native plugins compatible for Editor in 0.51 ms, found 1 plugins.
Preloading 0 native plugins for Editor in 0.00 ms.
Mono: successfully reloaded assembly
- Completed reload, in  0.776 seconds
Platform modules already initialized, skipping
Refreshing native plugins compatible for Editor in 0.74 ms, found 1 plugins.
Preloading 0 native plugins for Editor in 0.00 ms.
Unloading 1964 Unused Serialized files (Serialized files now loaded: 0)
System memory in use before: 91.3 MB.
System memory in use after: 91.2 MB.

Unloading 13 unused Assets to reduce memory usage. Loaded Objects now: 2464.
Total: 2.195000 ms (FindLiveObjects: 0.227800 ms CreateObjectMapping: 0.043300 ms MarkObjects: 1.772600 ms  DeleteObjects: 0.150200 ms)

========================================================================
Received Prepare
Registering precompiled user dll's ...
Registered in 0.000886 seconds.
Begin MonoManager ReloadAssembly
Native extension for WindowsStandalone target not found
Refreshing native plugins compatible for Editor in 0.44 ms, found 1 plugins.
Preloading 0 native plugins for Editor in 0.00 ms.
Mono: successfully reloaded assembly
- Completed reload, in  0.747 seconds
Platform modules already initialized, skipping
Refreshing native plugins compatible for Editor in 0.44 ms, found 1 plugins.
Preloading 0 native plugins for Editor in 0.00 ms.
Unloading 1964 Unused Serialized files (Serialized files now loaded: 0)
System memory in use before: 91.3 MB.
System memory in use after: 91.3 MB.

Unloading 13 unused Assets to reduce memory usage. Loaded Objects now: 2468.
Total: 2.274500 ms (FindLiveObjects: 0.256700 ms CreateObjectMapping: 0.042300 ms MarkObjects: 1.838600 ms  DeleteObjects: 0.135500 ms)

========================================================================
Received Prepare
Registering precompiled user dll's ...
Registered in 0.000950 seconds.
Begin MonoManager ReloadAssembly
Native extension for WindowsStandalone target not found
Refreshing native plugins compatible for Editor in 0.45 ms, found 1 plugins.
Preloading 0 native plugins for Editor in 0.00 ms.
Mono: successfully reloaded assembly
- Completed reload, in  0.797 seconds
Platform modules already initialized, skipping
Refreshing native plugins compatible for Editor in 0.44 ms, found 1 plugins.
Preloading 0 native plugins for Editor in 0.00 ms.
Unloading 1964 Unused Serialized files (Serialized files now loaded: 0)
System memory in use before: 91.3 MB.
System memory in use after: 91.3 MB.

Unloading 13 unused Assets to reduce memory usage. Loaded Objects now: 2472.
Total: 2.919900 ms (FindLiveObjects: 0.296000 ms CreateObjectMapping: 0.069800 ms MarkObjects: 2.408100 ms  DeleteObjects: 0.144000 ms)

========================================================================
Received Prepare
Registering precompiled user dll's ...
Registered in 0.000819 seconds.
Begin MonoManager ReloadAssembly
Native extension for WindowsStandalone target not found
Refreshing native plugins compatible for Editor in 0.76 ms, found 1 plugins.
Preloading 0 native plugins for Editor in 0.00 ms.
Mono: successfully reloaded assembly
- Completed reload, in  0.768 seconds
Platform modules already initialized, skipping
Refreshing native plugins compatible for Editor in 0.43 ms, found 1 plugins.
Preloading 0 native plugins for Editor in 0.00 ms.
Unloading 1964 Unused Serialized files (Serialized files now loaded: 0)
System memory in use before: 91.3 MB.
System memory in use after: 91.3 MB.

Unloading 13 unused Assets to reduce memory usage. Loaded Objects now: 2476.
Total: 2.301800 ms (FindLiveObjects: 0.259500 ms CreateObjectMapping: 0.043200 ms MarkObjects: 1.869700 ms  DeleteObjects: 0.128000 ms)

========================================================================
Received Prepare
Registering precompiled user dll's ...
Registered in 0.000844 seconds.
Begin MonoManager ReloadAssembly
Native extension for WindowsStandalone target not found
Refreshing native plugins compatible for Editor in 0.47 ms, found 1 plugins.
Preloading 0 native plugins for Editor in 0.00 ms.
Mono: successfully reloaded assembly
- Completed reload, in  0.776 seconds
Platform modules already initialized, skipping
Refreshing native plugins compatible for Editor in 0.77 ms, found 1 plugins.
Preloading 0 native plugins for Editor in 0.00 ms.
Unloading 1964 Unused Serialized files (Serialized files now loaded: 0)
System memory in use before: 91.3 MB.
System memory in use after: 91.3 MB.

Unloading 13 unused Assets to reduce memory usage. Loaded Objects now: 2480.
Total: 3.886600 ms (FindLiveObjects: 0.666900 ms CreateObjectMapping: 0.099800 ms MarkObjects: 2.981700 ms  DeleteObjects: 0.136500 ms)

========================================================================
Received Prepare
Registering precompiled user dll's ...
Registered in 0.001126 seconds.
Begin MonoManager ReloadAssembly
Native extension for WindowsStandalone target not found
Refreshing native plugins compatible for Editor in 0.83 ms, found 1 plugins.
Preloading 0 native plugins for Editor in 0.00 ms.
Mono: successfully reloaded assembly
- Completed reload, in  0.775 seconds
Platform modules already initialized, skipping
Refreshing native plugins compatible for Editor in 0.43 ms, found 1 plugins.
Preloading 0 native plugins for Editor in 0.00 ms.
Unloading 1964 Unused Serialized files (Serialized files now loaded: 0)
System memory in use before: 91.3 MB.
System memory in use after: 91.3 MB.

Unloading 13 unused Assets to reduce memory usage. Loaded Objects now: 2484.
Total: 2.289200 ms (FindLiveObjects: 0.235300 ms CreateObjectMapping: 0.043000 ms MarkObjects: 1.876600 ms  DeleteObjects: 0.133200 ms)

========================================================================
Received Prepare
Registering precompiled user dll's ...
Registered in 0.000770 seconds.
Begin MonoManager ReloadAssembly
Native extension for WindowsStandalone target not found
Refreshing native plugins compatible for Editor in 0.44 ms, found 1 plugins.
Preloading 0 native plugins for Editor in 0.00 ms.
Mono: successfully reloaded assembly
- Completed reload, in  0.795 seconds
Platform modules already initialized, skipping
Refreshing native plugins compatible for Editor in 0.43 ms, found 1 plugins.
Preloading 0 native plugins for Editor in 0.00 ms.
Unloading 1964 Unused Serialized files (Serialized files now loaded: 0)
System memory in use before: 91.3 MB.
System memory in use after: 91.3 MB.

Unloading 13 unused Assets to reduce memory usage. Loaded Objects now: 2488.
Total: 2.387100 ms (FindLiveObjects: 0.292700 ms CreateObjectMapping: 0.043900 ms MarkObjects: 1.911400 ms  DeleteObjects: 0.137800 ms)

========================================================================
Received Prepare
Registering precompiled user dll's ...
Registered in 0.001033 seconds.
Begin MonoManager ReloadAssembly
Native extension for WindowsStandalone target not found
Refreshing native plugins compatible for Editor in 0.69 ms, found 1 plugins.
Preloading 0 native plugins for Editor in 0.00 ms.
Mono: successfully reloaded assembly
- Completed reload, in  0.725 seconds
Platform modules already initialized, skipping
Refreshing native plugins compatible for Editor in 0.49 ms, found 1 plugins.
Preloading 0 native plugins for Editor in 0.00 ms.
Unloading 1964 Unused Serialized files (Serialized files now loaded: 0)
System memory in use before: 91.3 MB.
System memory in use after: 91.3 MB.

Unloading 13 unused Assets to reduce memory usage. Loaded Objects now: 2492.
Total: 2.103100 ms (FindLiveObjects: 0.261300 ms CreateObjectMapping: 0.042200 ms MarkObjects: 1.671500 ms  DeleteObjects: 0.126700 ms)

========================================================================
Received Prepare
Registering precompiled user dll's ...
Registered in 0.001354 seconds.
Begin MonoManager ReloadAssembly
Native extension for WindowsStandalone target not found
Refreshing native plugins compatible for Editor in 0.51 ms, found 1 plugins.
Preloading 0 native plugins for Editor in 0.00 ms.
Mono: successfully reloaded assembly
- Completed reload, in  0.852 seconds
Platform modules already initialized, skipping
Refreshing native plugins compatible for Editor in 0.53 ms, found 1 plugins.
Preloading 0 native plugins for Editor in 0.00 ms.
Unloading 1964 Unused Serialized files (Serialized files now loaded: 0)
System memory in use before: 91.3 MB.
System memory in use after: 91.3 MB.

Unloading 13 unused Assets to reduce memory usage. Loaded Objects now: 2496.
Total: 2.508700 ms (FindLiveObjects: 0.245000 ms CreateObjectMapping: 0.041600 ms MarkObjects: 2.090900 ms  DeleteObjects: 0.129800 ms)

========================================================================
Received Import Request.
  Time since last request: 1834.489143 seconds.
  path: Assets/Sprites/RUN.png
  artifactKey: Guid(d3d8853cace9fcf4a86ca9240881e888) Importer(815301076,1909f56bfc062723c751e8b465ee728b)
Start importing Assets/Sprites/RUN.png using Guid(d3d8853cace9fcf4a86ca9240881e888) Importer(815301076,1909f56bfc062723c751e8b465ee728b)  -> (artifact id: '97a6072a627f9e095b8366e1d798dbaf') in 0.112528 seconds
  Import took 0.116436 seconds .

========================================================================
Received Import Request.
  Time since last request: 18.737828 seconds.
  path: Assets/Sprites/RUN.png
  artifactKey: Guid(d3d8853cace9fcf4a86ca9240881e888) Importer(815301076,1909f56bfc062723c751e8b465ee728b)
Start importing Assets/Sprites/RUN.png using Guid(d3d8853cace9fcf4a86ca9240881e888) Importer(815301076,1909f56bfc062723c751e8b465ee728b)  -> (artifact id: '36e5bfa0bfc7ae8ecee37d64143ee7e3') in 0.013661 seconds
  Import took 0.016800 seconds .

========================================================================
Received Prepare
Registering precompiled user dll's ...
Registered in 0.000898 seconds.
Begin MonoManager ReloadAssembly
Native extension for WindowsStandalone target not found
Refreshing native plugins compatible for Editor in 0.47 ms, found 1 plugins.
Preloading 0 native plugins for Editor in 0.00 ms.
Mono: successfully reloaded assembly
- Completed reload, in  0.732 seconds
Platform modules already initialized, skipping
Refreshing native plugins compatible for Editor in 0.79 ms, found 1 plugins.
Preloading 0 native plugins for Editor in 0.00 ms.
Unloading 1964 Unused Serialized files (Serialized files now loaded: 0)
System memory in use before: 94.4 MB.
System memory in use after: 94.4 MB.

Unloading 13 unused Assets to reduce memory usage. Loaded Objects now: 2506.
Total: 2.313200 ms (FindLiveObjects: 0.226500 ms CreateObjectMapping: 0.042300 ms MarkObjects: 1.928200 ms  DeleteObjects: 0.115300 ms)

========================================================================
Received Import Request.
  Time since last request: 392.022820 seconds.
  path: Assets/Sprites/RUN.png
  artifactKey: Guid(d3d8853cace9fcf4a86ca9240881e888) Importer(815301076,1909f56bfc062723c751e8b465ee728b)
Start importing Assets/Sprites/RUN.png using Guid(d3d8853cace9fcf4a86ca9240881e888) Importer(815301076,1909f56bfc062723c751e8b465ee728b)  -> (artifact id: 'a3dbfb8910a6825839e625c7fd755221') in 0.047890 seconds
  Import took 0.051596 seconds .

========================================================================
Received Import Request.
  Time since last request: 0.000327 seconds.
  path: Assets/Sprites/JUMP1.png
  artifactKey: Guid(3dc6e8a3912c0b34c91da2c07d1ce133) Importer(815301076,1909f56bfc062723c751e8b465ee728b)
Start importing Assets/Sprites/JUMP1.png using Guid(3dc6e8a3912c0b34c91da2c07d1ce133) Importer(815301076,1909f56bfc062723c751e8b465ee728b)  -> (artifact id: 'c31f9c8a21ba52fc6ffb86168d05ff6f') in 0.014884 seconds
  Import took 0.019337 seconds .

========================================================================
Received Import Request.
  Time since last request: 16.815664 seconds.
  path: Assets/Sprites/JUMP1.png
  artifactKey: Guid(3dc6e8a3912c0b34c91da2c07d1ce133) Importer(815301076,1909f56bfc062723c751e8b465ee728b)
Start importing Assets/Sprites/JUMP1.png using Guid(3dc6e8a3912c0b34c91da2c07d1ce133) Importer(815301076,1909f56bfc062723c751e8b465ee728b)  -> (artifact id: '1d7bc738a8951a224e6d1392ee8d5432') in 0.016693 seconds
  Import took 0.020247 seconds .

========================================================================
Received Import Request.
  Time since last request: 18.089852 seconds.
  path: Assets/Scripts/Cutscenes/FirstGrapple.cs
  artifactKey: Guid(a616dd3c8493b6d41905909fb8a71df1) Importer(815301076,1909f56bfc062723c751e8b465ee728b)
Start importing Assets/Scripts/Cutscenes/FirstGrapple.cs using Guid(a616dd3c8493b6d41905909fb8a71df1) Importer(815301076,1909f56bfc062723c751e8b465ee728b)  -> (artifact id: '0b6241452746fc0ca1d77a1c11213e33') in 0.007402 seconds
  Import took 0.010763 seconds .

========================================================================
Received Import Request.
  Time since last request: 0.002020 seconds.
  path: Assets/Scripts/Cutscenes/FirstGrapple.cs
  artifactKey: Guid(a616dd3c8493b6d41905909fb8a71df1) Importer(815301076,1909f56bfc062723c751e8b465ee728b)
Start importing Assets/Scripts/Cutscenes/FirstGrapple.cs using Guid(a616dd3c8493b6d41905909fb8a71df1) Importer(815301076,1909f56bfc062723c751e8b465ee728b)  -> (artifact id: '0b6241452746fc0ca1d77a1c11213e33') in 0.001742 seconds
  Import took 0.004689 seconds .

========================================================================
Received Import Request.
  Time since last request: 0.258116 seconds.
  path: Assets/Scripts/Cutscenes/EnableOnContact.cs
  artifactKey: Guid(924a6ada7b85d1142ae98c5e21cca41a) Importer(815301076,1909f56bfc062723c751e8b465ee728b)
Start importing Assets/Scripts/Cutscenes/EnableOnContact.cs using Guid(924a6ada7b85d1142ae98c5e21cca41a) Importer(815301076,1909f56bfc062723c751e8b465ee728b)  -> (artifact id: '6fbc1e8514142e05b0f01b6703925e6d') in 0.006591 seconds
  Import took 0.009654 seconds .

========================================================================
Received Prepare
Registering precompiled user dll's ...
Registered in 0.001036 seconds.
Begin MonoManager ReloadAssembly
Native extension for WindowsStandalone target not found
Refreshing native plugins compatible for Editor in 0.45 ms, found 1 plugins.
Preloading 0 native plugins for Editor in 0.00 ms.
Mono: successfully reloaded assembly
- Completed reload, in  0.712 seconds
Platform modules already initialized, skipping
Refreshing native plugins compatible for Editor in 0.61 ms, found 1 plugins.
Preloading 0 native plugins for Editor in 0.00 ms.
Unloading 1964 Unused Serialized files (Serialized files now loaded: 0)
System memory in use before: 94.4 MB.
System memory in use after: 94.4 MB.

Unloading 13 unused Assets to reduce memory usage. Loaded Objects now: 2513.
Total: 2.819600 ms (FindLiveObjects: 0.261900 ms CreateObjectMapping: 0.043800 ms MarkObjects: 2.375000 ms  DeleteObjects: 0.137100 ms)

========================================================================
Received Prepare
Registering precompiled user dll's ...
Registered in 0.001284 seconds.
Begin MonoManager ReloadAssembly
Native extension for WindowsStandalone target not found
Refreshing native plugins compatible for Editor in 0.68 ms, found 1 plugins.
Preloading 0 native plugins for Editor in 0.00 ms.
Mono: successfully reloaded assembly
- Completed reload, in  0.801 seconds
Platform modules already initialized, skipping
Refreshing native plugins compatible for Editor in 0.63 ms, found 1 plugins.
Preloading 0 native plugins for Editor in 0.00 ms.
Unloading 1964 Unused Serialized files (Serialized files now loaded: 0)
System memory in use before: 94.4 MB.
System memory in use after: 94.4 MB.

Unloading 13 unused Assets to reduce memory usage. Loaded Objects now: 2517.
Total: 2.410400 ms (FindLiveObjects: 0.236400 ms CreateObjectMapping: 0.051500 ms MarkObjects: 1.982900 ms  DeleteObjects: 0.137800 ms)

========================================================================
Received Import Request.
  Time since last request: 295.773513 seconds.
  path: Assets/Animations/GrappleBlock.anim
  artifactKey: Guid(d60072eb0a1e1ca408375a8718373219) Importer(815301076,1909f56bfc062723c751e8b465ee728b)
Start importing Assets/Animations/GrappleBlock.anim using Guid(d60072eb0a1e1ca408375a8718373219) Importer(815301076,1909f56bfc062723c751e8b465ee728b)  -> (artifact id: 'fcc207a81eed7fa64adb071694081cfb') in 0.021000 seconds
  Import took 0.024258 seconds .

========================================================================
Received Import Request.
  Time since last request: 0.626391 seconds.
  path: Assets/Animations
  artifactKey: Guid(cdc7007e675c53948a9e59fe4c94c506) Importer(815301076,1909f56bfc062723c751e8b465ee728b)
Start importing Assets/Animations using Guid(cdc7007e675c53948a9e59fe4c94c506) Importer(815301076,1909f56bfc062723c751e8b465ee728b)  -> (artifact id: '10199203d95f086211be25bbda086452') in 0.005506 seconds
  Import took 0.008417 seconds .

========================================================================
Received Import Request.
  Time since last request: 7.066034 seconds.
  path: Assets/Animations/CursorCutscene
  artifactKey: Guid(15ff72ae21fcb8c4da3228074f99e9c0) Importer(815301076,1909f56bfc062723c751e8b465ee728b)
Start importing Assets/Animations/CursorCutscene using Guid(15ff72ae21fcb8c4da3228074f99e9c0) Importer(815301076,1909f56bfc062723c751e8b465ee728b)  -> (artifact id: '16b3ba19b15614f77a034e6859c70b5d') in 0.006428 seconds
  Import took 0.009657 seconds .

========================================================================
Received Import Request.
  Time since last request: 8.024790 seconds.
  path: Assets/Animations/CursorCutscene/Cursor.controller
  artifactKey: Guid(f6c238d7ebb726348a0ee700ad366b7c) Importer(815301076,1909f56bfc062723c751e8b465ee728b)
Start importing Assets/Animations/CursorCutscene/Cursor.controller using Guid(f6c238d7ebb726348a0ee700ad366b7c) Importer(815301076,1909f56bfc062723c751e8b465ee728b)  -> (artifact id: '4aa7db78b604e1fd854e19e17f088ae9') in 0.008768 seconds
  Import took 0.011994 seconds .

========================================================================
Received Import Request.
  Time since last request: 0.000594 seconds.
  path: Assets/Animations/CursorCutscene/Cursor.controller
  artifactKey: Guid(f6c238d7ebb726348a0ee700ad366b7c) Importer(815301076,1909f56bfc062723c751e8b465ee728b)
Start importing Assets/Animations/CursorCutscene/Cursor.controller using Guid(f6c238d7ebb726348a0ee700ad366b7c) Importer(815301076,1909f56bfc062723c751e8b465ee728b)  -> (artifact id: '4aa7db78b604e1fd854e19e17f088ae9') in 0.001992 seconds
  Import took 0.004581 seconds .

========================================================================
Received Import Request.
  Time since last request: 4.324147 seconds.
  path: Assets/Animations/CursorCutscene/Move.anim
  artifactKey: Guid(3f3c1281ef9731842beaad5f1eca58a1) Importer(815301076,1909f56bfc062723c751e8b465ee728b)
Start importing Assets/Animations/CursorCutscene/Move.anim using Guid(3f3c1281ef9731842beaad5f1eca58a1) Importer(815301076,1909f56bfc062723c751e8b465ee728b)  -> (artifact id: '9098fbc9c4793971f58c785197120c0f') in 0.006655 seconds
  Import took 0.010367 seconds .

========================================================================
Received Prepare
Registering precompiled user dll's ...
Registered in 0.000796 seconds.
Begin MonoManager ReloadAssembly
Native extension for WindowsStandalone target not found
Refreshing native plugins compatible for Editor in 0.45 ms, found 1 plugins.
Preloading 0 native plugins for Editor in 0.00 ms.
Mono: successfully reloaded assembly
- Completed reload, in  0.711 seconds
Platform modules already initialized, skipping
Refreshing native plugins compatible for Editor in 0.43 ms, found 1 plugins.
Preloading 0 native plugins for Editor in 0.00 ms.
Unloading 1964 Unused Serialized files (Serialized files now loaded: 0)
System memory in use before: 94.5 MB.
System memory in use after: 94.4 MB.

Unloading 13 unused Assets to reduce memory usage. Loaded Objects now: 2521.
Total: 3.027500 ms (FindLiveObjects: 0.295200 ms CreateObjectMapping: 0.047000 ms MarkObjects: 2.532000 ms  DeleteObjects: 0.151800 ms)

========================================================================
Received Prepare
Registering precompiled user dll's ...
Registered in 0.000720 seconds.
Begin MonoManager ReloadAssembly
Native extension for WindowsStandalone target not found
Refreshing native plugins compatible for Editor in 0.45 ms, found 1 plugins.
Preloading 0 native plugins for Editor in 0.00 ms.
Mono: successfully reloaded assembly
- Completed reload, in  0.709 seconds
Platform modules already initialized, skipping
Refreshing native plugins compatible for Editor in 0.69 ms, found 1 plugins.
Preloading 0 native plugins for Editor in 0.00 ms.
Unloading 1964 Unused Serialized files (Serialized files now loaded: 0)
System memory in use before: 94.5 MB.
System memory in use after: 94.5 MB.

Unloading 13 unused Assets to reduce memory usage. Loaded Objects now: 2525.
Total: 2.338900 ms (FindLiveObjects: 0.285100 ms CreateObjectMapping: 0.072400 ms MarkObjects: 1.853500 ms  DeleteObjects: 0.126600 ms)

========================================================================
Received Prepare
Registering precompiled user dll's ...
Registered in 0.000795 seconds.
Begin MonoManager ReloadAssembly
Native extension for WindowsStandalone target not found
Refreshing native plugins compatible for Editor in 0.67 ms, found 1 plugins.
Preloading 0 native plugins for Editor in 0.00 ms.
Mono: successfully reloaded assembly
- Completed reload, in  0.703 seconds
Platform modules already initialized, skipping
Refreshing native plugins compatible for Editor in 0.45 ms, found 1 plugins.
Preloading 0 native plugins for Editor in 0.00 ms.
Unloading 1964 Unused Serialized files (Serialized files now loaded: 0)
System memory in use before: 94.5 MB.
System memory in use after: 94.5 MB.

Unloading 13 unused Assets to reduce memory usage. Loaded Objects now: 2529.
Total: 2.365900 ms (FindLiveObjects: 0.390500 ms CreateObjectMapping: 0.110200 ms MarkObjects: 1.739700 ms  DeleteObjects: 0.124200 ms)

========================================================================
Received Prepare
Registering precompiled user dll's ...
Registered in 0.000689 seconds.
Begin MonoManager ReloadAssembly
Native extension for WindowsStandalone target not found
Refreshing native plugins compatible for Editor in 0.45 ms, found 1 plugins.
Preloading 0 native plugins for Editor in 0.00 ms.
Mono: successfully reloaded assembly
- Completed reload, in  0.725 seconds
Platform modules already initialized, skipping
Refreshing native plugins compatible for Editor in 0.65 ms, found 1 plugins.
Preloading 0 native plugins for Editor in 0.00 ms.
Unloading 1964 Unused Serialized files (Serialized files now loaded: 0)
System memory in use before: 94.5 MB.
System memory in use after: 94.5 MB.

Unloading 13 unused Assets to reduce memory usage. Loaded Objects now: 2533.
Total: 2.281900 ms (FindLiveObjects: 0.223100 ms CreateObjectMapping: 0.042700 ms MarkObjects: 1.886200 ms  DeleteObjects: 0.128900 ms)

========================================================================
Received Prepare
Registering precompiled user dll's ...
Registered in 0.000788 seconds.
Begin MonoManager ReloadAssembly
Native extension for WindowsStandalone target not found
Refreshing native plugins compatible for Editor in 0.59 ms, found 1 plugins.
Preloading 0 native plugins for Editor in 0.00 ms.
Mono: successfully reloaded assembly
- Completed reload, in  0.735 seconds
Platform modules already initialized, skipping
Refreshing native plugins compatible for Editor in 0.47 ms, found 1 plugins.
Preloading 0 native plugins for Editor in 0.00 ms.
Unloading 1964 Unused Serialized files (Serialized files now loaded: 0)
System memory in use before: 94.5 MB.
System memory in use after: 94.5 MB.

Unloading 13 unused Assets to reduce memory usage. Loaded Objects now: 2537.
Total: 2.483200 ms (FindLiveObjects: 0.233100 ms CreateObjectMapping: 0.041800 ms MarkObjects: 2.065900 ms  DeleteObjects: 0.141200 ms)

========================================================================
Received Prepare
Registering precompiled user dll's ...
Registered in 0.000732 seconds.
Begin MonoManager ReloadAssembly
Native extension for WindowsStandalone target not found
Refreshing native plugins compatible for Editor in 0.46 ms, found 1 plugins.
Preloading 0 native plugins for Editor in 0.00 ms.
Mono: successfully reloaded assembly
- Completed reload, in  0.736 seconds
Platform modules already initialized, skipping
Refreshing native plugins compatible for Editor in 0.66 ms, found 1 plugins.
Preloading 0 native plugins for Editor in 0.00 ms.
Unloading 1964 Unused Serialized files (Serialized files now loaded: 0)
System memory in use before: 94.5 MB.
System memory in use after: 94.5 MB.

Unloading 13 unused Assets to reduce memory usage. Loaded Objects now: 2541.
Total: 2.474800 ms (FindLiveObjects: 0.250500 ms CreateObjectMapping: 0.052000 ms MarkObjects: 2.033200 ms  DeleteObjects: 0.137600 ms)

========================================================================
Received Import Request.
  Time since last request: 690.340737 seconds.
  path: Assets/Sprites/HoldSpace.png
  artifactKey: Guid(513d22f8b428fd34ab90489f8f885400) Importer(815301076,1909f56bfc062723c751e8b465ee728b)
Start importing Assets/Sprites/HoldSpace.png using Guid(513d22f8b428fd34ab90489f8f885400) Importer(815301076,1909f56bfc062723c751e8b465ee728b)  -> (artifact id: '5beb52b3b5e355860abe44895cabff19') in 0.052845 seconds
  Import took 0.056590 seconds .

========================================================================
Received Import Request.
  Time since last request: 11.932656 seconds.
  path: Assets/Sprites/HoldSpace.png
  artifactKey: Guid(513d22f8b428fd34ab90489f8f885400) Importer(815301076,1909f56bfc062723c751e8b465ee728b)
Start importing Assets/Sprites/HoldSpace.png using Guid(513d22f8b428fd34ab90489f8f885400) Importer(815301076,1909f56bfc062723c751e8b465ee728b)  -> (artifact id: '35dfb2419696dcd092334e16983c751e') in 0.016194 seconds
  Import took 0.019302 seconds .

========================================================================
Received Prepare
Registering precompiled user dll's ...
Registered in 0.000718 seconds.
Begin MonoManager ReloadAssembly
Native extension for WindowsStandalone target not found
Refreshing native plugins compatible for Editor in 0.47 ms, found 1 plugins.
Preloading 0 native plugins for Editor in 0.00 ms.
Mono: successfully reloaded assembly
- Completed reload, in  0.716 seconds
Platform modules already initialized, skipping
Refreshing native plugins compatible for Editor in 0.47 ms, found 1 plugins.
Preloading 0 native plugins for Editor in 0.00 ms.
Unloading 1964 Unused Serialized files (Serialized files now loaded: 0)
System memory in use before: 94.5 MB.
System memory in use after: 94.5 MB.

Unloading 13 unused Assets to reduce memory usage. Loaded Objects now: 2548.
Total: 3.381800 ms (FindLiveObjects: 0.360200 ms CreateObjectMapping: 0.064300 ms MarkObjects: 2.823600 ms  DeleteObjects: 0.131500 ms)

========================================================================
Received Import Request.
  Time since last request: 231.779697 seconds.
  path: Assets/Prefab
  artifactKey: Guid(bb1b666ff6297eb4f82caa666a088ae4) Importer(815301076,1909f56bfc062723c751e8b465ee728b)
Start importing Assets/Prefab using Guid(bb1b666ff6297eb4f82caa666a088ae4) Importer(815301076,1909f56bfc062723c751e8b465ee728b)  -> (artifact id: 'fb93fb9c8300abe6e1a4479b427a59e8') in 0.011283 seconds
  Import took 0.014742 seconds .

========================================================================
Received Prepare
Registering precompiled user dll's ...
Registered in 0.000904 seconds.
Begin MonoManager ReloadAssembly
Native extension for WindowsStandalone target not found
Refreshing native plugins compatible for Editor in 0.48 ms, found 1 plugins.
Preloading 0 native plugins for Editor in 0.00 ms.
Mono: successfully reloaded assembly
- Completed reload, in  0.733 seconds
Platform modules already initialized, skipping
Refreshing native plugins compatible for Editor in 0.43 ms, found 1 plugins.
Preloading 0 native plugins for Editor in 0.00 ms.
Unloading 1964 Unused Serialized files (Serialized files now loaded: 0)
System memory in use before: 94.5 MB.
System memory in use after: 94.5 MB.

Unloading 13 unused Assets to reduce memory usage. Loaded Objects now: 2552.
Total: 2.254200 ms (FindLiveObjects: 0.238000 ms CreateObjectMapping: 0.043200 ms MarkObjects: 1.845600 ms  DeleteObjects: 0.126100 ms)

========================================================================
Received Import Request.
  Time since last request: 3.100178 seconds.
  path: Assets/Prefab/Player.prefab
  artifactKey: Guid(bf826a516cd6e7046b37de49bbba8f38) Importer(815301076,1909f56bfc062723c751e8b465ee728b)
Start importing Assets/Prefab/Player.prefab using Guid(bf826a516cd6e7046b37de49bbba8f38) Importer(815301076,1909f56bfc062723c751e8b465ee728b)  -> (artifact id: '6a102ba75dbea36c1bdeb7fe8ffb2b16') in 0.054357 seconds
  Import took 0.057703 seconds .

========================================================================
Received Import Request.
  Time since last request: 1.973752 seconds.
  path: Assets/Prefab/EnemyManager.prefab
  artifactKey: Guid(2cbdd1490566d90458aa6e3ebf99600f) Importer(815301076,1909f56bfc062723c751e8b465ee728b)
Start importing Assets/Prefab/EnemyManager.prefab using Guid(2cbdd1490566d90458aa6e3ebf99600f) Importer(815301076,1909f56bfc062723c751e8b465ee728b)  -> (artifact id: 'feabc5fdfaafc4cb1d7581471074e836') in 0.008888 seconds
  Import took 0.012580 seconds .

========================================================================
Received Import Request.
  Time since last request: 24.486610 seconds.
  path: Assets/Scenes/Title.unity
  artifactKey: Guid(e66df69fd36561f498e1a9f0766b8b3b) Importer(815301076,1909f56bfc062723c751e8b465ee728b)
Start importing Assets/Scenes/Title.unity using Guid(e66df69fd36561f498e1a9f0766b8b3b) Importer(815301076,1909f56bfc062723c751e8b465ee728b)  -> (artifact id: 'f8ffdddfc3a6c0f13f5ce873d2550626') in 0.002545 seconds
  Import took 0.005927 seconds .

========================================================================
Received Import Request.
  Time since last request: 0.013226 seconds.
  path: Assets/Scenes/Title.unity
  artifactKey: Guid(e66df69fd36561f498e1a9f0766b8b3b) Importer(815301076,1909f56bfc062723c751e8b465ee728b)
Start importing Assets/Scenes/Title.unity using Guid(e66df69fd36561f498e1a9f0766b8b3b) Importer(815301076,1909f56bfc062723c751e8b465ee728b)  -> (artifact id: 'f8ffdddfc3a6c0f13f5ce873d2550626') in 0.002030 seconds
  Import took 0.005071 seconds .

========================================================================
Received Prepare
Registering precompiled user dll's ...
Registered in 0.000721 seconds.
Begin MonoManager ReloadAssembly
Native extension for WindowsStandalone target not found
Refreshing native plugins compatible for Editor in 0.45 ms, found 1 plugins.
Preloading 0 native plugins for Editor in 0.00 ms.
Mono: successfully reloaded assembly
- Completed reload, in  0.755 seconds
Platform modules already initialized, skipping
Refreshing native plugins compatible for Editor in 0.44 ms, found 1 plugins.
Preloading 0 native plugins for Editor in 0.00 ms.
Unloading 1964 Unused Serialized files (Serialized files now loaded: 0)
System memory in use before: 94.6 MB.
System memory in use after: 94.6 MB.

Unloading 13 unused Assets to reduce memory usage. Loaded Objects now: 2561.
Total: 2.212600 ms (FindLiveObjects: 0.233900 ms CreateObjectMapping: 0.042800 ms MarkObjects: 1.818800 ms  DeleteObjects: 0.116000 ms)

========================================================================
Received Import Request.
  Time since last request: 126.282089 seconds.
  path: Assets/Sprites/Lvl2.png
  artifactKey: Guid(f901c14d3ddf09b4c9c08298dda765ff) Importer(815301076,1909f56bfc062723c751e8b465ee728b)
Start importing Assets/Sprites/Lvl2.png using Guid(f901c14d3ddf09b4c9c08298dda765ff) Importer(815301076,1909f56bfc062723c751e8b465ee728b)  -> (artifact id: 'd510aa43147edab1610b9069801468ae') in 0.049124 seconds
  Import took 0.052500 seconds .

========================================================================
Received Import Request.
  Time since last request: 35.375226 seconds.
  path: Assets/Sprites/Lvl2.png
  artifactKey: Guid(f901c14d3ddf09b4c9c08298dda765ff) Importer(815301076,1909f56bfc062723c751e8b465ee728b)
Start importing Assets/Sprites/Lvl2.png using Guid(f901c14d3ddf09b4c9c08298dda765ff) Importer(815301076,1909f56bfc062723c751e8b465ee728b)  -> (artifact id: 'ff1938a93810cd009db0d149e33a3b1a') in 0.010320 seconds
  Import took 0.013742 seconds .

========================================================================
Received Import Request.
  Time since last request: 0.000935 seconds.
  path: Assets/Sprites/Lvl2.png
  artifactKey: Guid(f901c14d3ddf09b4c9c08298dda765ff) Importer(815301076,1909f56bfc062723c751e8b465ee728b)
Start importing Assets/Sprites/Lvl2.png using Guid(f901c14d3ddf09b4c9c08298dda765ff) Importer(815301076,1909f56bfc062723c751e8b465ee728b)  -> (artifact id: 'ff1938a93810cd009db0d149e33a3b1a') in 0.007753 seconds
  Import took 0.010572 seconds .

========================================================================
Received Import Request.
  Time since last request: 77.310087 seconds.
  path: Assets/Sprites/Lvl2.png
  artifactKey: Guid(f901c14d3ddf09b4c9c08298dda765ff) Importer(815301076,1909f56bfc062723c751e8b465ee728b)
Start importing Assets/Sprites/Lvl2.png using Guid(f901c14d3ddf09b4c9c08298dda765ff) Importer(815301076,1909f56bfc062723c751e8b465ee728b)  -> (artifact id: 'e453309a588982919e47fd7701d53114') in 0.013206 seconds
  Import took 0.016583 seconds .

========================================================================
Received Prepare
Registering precompiled user dll's ...
Registered in 0.000815 seconds.
Begin MonoManager ReloadAssembly
Native extension for WindowsStandalone target not found
Refreshing native plugins compatible for Editor in 0.56 ms, found 1 plugins.
Preloading 0 native plugins for Editor in 0.00 ms.
Mono: successfully reloaded assembly
- Completed reload, in  0.724 seconds
Platform modules already initialized, skipping
Refreshing native plugins compatible for Editor in 0.47 ms, found 1 plugins.
Preloading 0 native plugins for Editor in 0.00 ms.
Unloading 1964 Unused Serialized files (Serialized files now loaded: 0)
System memory in use before: 94.6 MB.
System memory in use after: 94.6 MB.

Unloading 13 unused Assets to reduce memory usage. Loaded Objects now: 2568.
Total: 2.485200 ms (FindLiveObjects: 0.327600 ms CreateObjectMapping: 0.046000 ms MarkObjects: 1.973300 ms  DeleteObjects: 0.136300 ms)

========================================================================
Received Import Request.
  Time since last request: 320.781394 seconds.
  path: Assets/Scenes/Level1.unity
  artifactKey: Guid(2cda990e2423bbf4892e6590ba056729) Importer(815301076,1909f56bfc062723c751e8b465ee728b)
Start importing Assets/Scenes/Level1.unity using Guid(2cda990e2423bbf4892e6590ba056729) Importer(815301076,1909f56bfc062723c751e8b465ee728b)  -> (artifact id: '146e7268b0a55fb50efcd9d8c0c7c203') in 0.016131 seconds
  Import took 0.019357 seconds .

========================================================================
Received Prepare
Registering precompiled user dll's ...
Registered in 0.001006 seconds.
Begin MonoManager ReloadAssembly
Native extension for WindowsStandalone target not found
Refreshing native plugins compatible for Editor in 0.46 ms, found 1 plugins.
Preloading 0 native plugins for Editor in 0.00 ms.
Mono: successfully reloaded assembly
- Completed reload, in  0.726 seconds
Platform modules already initialized, skipping
Refreshing native plugins compatible for Editor in 0.47 ms, found 1 plugins.
Preloading 0 native plugins for Editor in 0.00 ms.
Unloading 1964 Unused Serialized files (Serialized files now loaded: 0)
System memory in use before: 94.6 MB.
System memory in use after: 94.6 MB.

Unloading 13 unused Assets to reduce memory usage. Loaded Objects now: 2572.
Total: 2.969600 ms (FindLiveObjects: 0.443800 ms CreateObjectMapping: 0.068900 ms MarkObjects: 2.218900 ms  DeleteObjects: 0.235700 ms)

========================================================================
Received Prepare
Registering precompiled user dll's ...
Registered in 0.000766 seconds.
Begin MonoManager ReloadAssembly
Native extension for WindowsStandalone target not found
Refreshing native plugins compatible for Editor in 0.43 ms, found 1 plugins.
Preloading 0 native plugins for Editor in 0.00 ms.
Mono: successfully reloaded assembly
- Completed reload, in  0.709 seconds
Platform modules already initialized, skipping
Refreshing native plugins compatible for Editor in 0.42 ms, found 1 plugins.
Preloading 0 native plugins for Editor in 0.00 ms.
Unloading 1964 Unused Serialized files (Serialized files now loaded: 0)
System memory in use before: 94.6 MB.
System memory in use after: 94.6 MB.

Unloading 13 unused Assets to reduce memory usage. Loaded Objects now: 2576.
Total: 2.305000 ms (FindLiveObjects: 0.257300 ms CreateObjectMapping: 0.045800 ms MarkObjects: 1.872000 ms  DeleteObjects: 0.128700 ms)

AssetImportWorkerClient::OnTransportError - code=2 error=End of file
